<?xml version="1.0" encoding="UTF-8"?>
<robot generator="Robot 5.0 (Python 3.10.2 on win32)" generated="20220512 11:33:52.719" rpa="false" schemaversion="3">
<suite id="s1" name="New order" source="C:\Users\admin\Desktop\pythonProject\Purchase_suite\New order.robot">
<test id="s1-t1" name="TC4" line="13">
<kw name="Link Browser" library="common_functionality" type="SETUP">
<kw name="Append To Environment Variable" library="OperatingSystem">
<arg>Path</arg>
<arg>${EXECDIR}${/}driver</arg>
<doc>Appends given ``values`` to environment variable ``name``.</doc>
<msg timestamp="20220512 11:33:56.157" level="INFO">Environment variable 'Path' set to value 'C:\Python\Divya\Scripts\;C:\Python\Divya\;C:\Program Files\Common Files\Oracle\Java\javapath;C:\Windows\system32;C:\Windows;C:\Windows\System32\Wbem;C:\Windows\System32\WindowsPowerShell\v1.0\;C:\Windows\System32\OpenSSH\;C:\Program Files\Java\jdk-15.0.2\bin;C:\Program Files\Java\jdk-15.0.2\bin;C:\Program Files\Git\cmd;C:\MinGW\bin;C;C:\Users\admin\AppData\Local\Microsoft\WindowsApps;C:\Users\admin\AppData\Local\Programs\Microsoft VS Code\bin;C:\Program Files\JetBrains\PyCharm 2021.3.2\bin;;C:\Users\admin\Desktop\pythonProject\driver'.</msg>
<status status="PASS" starttime="20220512 11:33:56.156" endtime="20220512 11:33:56.157"/>
</kw>
<kw name="Open Browser" library="SeleniumLibrary">
<arg>browser=${BROWSER}</arg>
<doc>Opens a new browser instance to the optional ``url``.</doc>
<msg timestamp="20220512 11:33:56.157" level="INFO">Opening browser 'chrome' to base url 'None'.</msg>
<status status="PASS" starttime="20220512 11:33:56.157" endtime="20220512 11:34:03.305"/>
</kw>
<kw name="Maximize Browser Window" library="SeleniumLibrary">
<doc>Maximizes current browser window.</doc>
<status status="PASS" starttime="20220512 11:34:03.305" endtime="20220512 11:34:03.534"/>
</kw>
<kw name="Set Selenium Implicit Wait" library="SeleniumLibrary">
<arg>30s</arg>
<doc>Sets the implicit wait value used by Selenium.</doc>
<status status="PASS" starttime="20220512 11:34:03.534" endtime="20220512 11:34:03.544"/>
</kw>
<kw name="Set Screenshot Directory" library="SeleniumLibrary">
<arg>${EXECDIR}${/}screenshot</arg>
<doc>Sets the directory for captured screenshots.</doc>
<status status="PASS" starttime="20220512 11:34:03.545" endtime="20220512 11:34:03.546"/>
</kw>
<kw name="Go To" library="SeleniumLibrary">
<arg>url=${URL}</arg>
<doc>Navigates the current browser window to the provided ``url``.</doc>
<msg timestamp="20220512 11:34:03.547" level="INFO">Opening url 'https://signoraware.com/'</msg>
<status status="PASS" starttime="20220512 11:34:03.546" endtime="20220512 11:34:09.168"/>
</kw>
<status status="PASS" starttime="20220512 11:33:56.156" endtime="20220512 11:34:09.169"/>
</kw>
<kw name="Click Element" library="SeleniumLibrary">
<arg>link=Sign In</arg>
<doc>Click the element identified by ``locator``.</doc>
<msg timestamp="20220512 11:34:09.181" level="INFO">Clicking element 'link=Sign In'.</msg>
<status status="PASS" starttime="20220512 11:34:09.180" endtime="20220512 11:34:12.064"/>
</kw>
<kw name="Input Text" library="SeleniumLibrary">
<arg>id=email</arg>
<arg>gdivya0809@gmail.com</arg>
<doc>Types the given ``text`` into the text field identified by ``locator``.</doc>
<msg timestamp="20220512 11:34:12.066" level="INFO">Typing text 'gdivya0809@gmail.com' into text field 'id=email'.</msg>
<status status="PASS" starttime="20220512 11:34:12.065" endtime="20220512 11:34:12.834"/>
</kw>
<kw name="Input Password" library="SeleniumLibrary">
<arg>id=pass</arg>
<arg>Srec@123</arg>
<doc>Types the given password into the text field identified by ``locator``.</doc>
<msg timestamp="20220512 11:34:12.836" level="INFO">Typing password into text field 'id=pass'.</msg>
<msg timestamp="20220512 11:34:12.901" level="INFO">Temporally setting log level to: NONE</msg>
<msg timestamp="20220512 11:34:12.989" level="INFO">Log level changed from NONE to INFO.</msg>
<status status="PASS" starttime="20220512 11:34:12.835" endtime="20220512 11:34:12.989"/>
</kw>
<kw name="Click Element" library="SeleniumLibrary">
<arg>id=send2</arg>
<doc>Click the element identified by ``locator``.</doc>
<msg timestamp="20220512 11:34:12.990" level="INFO">Clicking element 'id=send2'.</msg>
<status status="PASS" starttime="20220512 11:34:12.990" endtime="20220512 11:34:15.115"/>
</kw>
<status status="PASS" starttime="20220512 11:33:56.154" endtime="20220512 11:34:15.143"/>
</test>
<test id="s1-t2" name="TC2" line="21">
<kw name="Link Browser" library="common_functionality" type="SETUP">
<kw name="Append To Environment Variable" library="OperatingSystem">
<arg>Path</arg>
<arg>${EXECDIR}${/}driver</arg>
<doc>Appends given ``values`` to environment variable ``name``.</doc>
<msg timestamp="20220512 11:34:15.179" level="INFO">Environment variable 'Path' set to value 'C:\Python\Divya\Scripts\;C:\Python\Divya\;C:\Program Files\Common Files\Oracle\Java\javapath;C:\Windows\system32;C:\Windows;C:\Windows\System32\Wbem;C:\Windows\System32\WindowsPowerShell\v1.0\;C:\Windows\System32\OpenSSH\;C:\Program Files\Java\jdk-15.0.2\bin;C:\Program Files\Java\jdk-15.0.2\bin;C:\Program Files\Git\cmd;C:\MinGW\bin;C;C:\Users\admin\AppData\Local\Microsoft\WindowsApps;C:\Users\admin\AppData\Local\Programs\Microsoft VS Code\bin;C:\Program Files\JetBrains\PyCharm 2021.3.2\bin;;C:\Users\admin\Desktop\pythonProject\driver;C:\Users\admin\Desktop\pythonProject\driver'.</msg>
<status status="PASS" starttime="20220512 11:34:15.178" endtime="20220512 11:34:15.179"/>
</kw>
<kw name="Open Browser" library="SeleniumLibrary">
<arg>browser=${BROWSER}</arg>
<doc>Opens a new browser instance to the optional ``url``.</doc>
<msg timestamp="20220512 11:34:15.181" level="INFO">Opening browser 'chrome' to base url 'None'.</msg>
<status status="PASS" starttime="20220512 11:34:15.180" endtime="20220512 11:34:22.564"/>
</kw>
<kw name="Maximize Browser Window" library="SeleniumLibrary">
<doc>Maximizes current browser window.</doc>
<status status="PASS" starttime="20220512 11:34:22.564" endtime="20220512 11:34:22.776"/>
</kw>
<kw name="Set Selenium Implicit Wait" library="SeleniumLibrary">
<arg>30s</arg>
<doc>Sets the implicit wait value used by Selenium.</doc>
<status status="PASS" starttime="20220512 11:34:22.776" endtime="20220512 11:34:22.788"/>
</kw>
<kw name="Set Screenshot Directory" library="SeleniumLibrary">
<arg>${EXECDIR}${/}screenshot</arg>
<doc>Sets the directory for captured screenshots.</doc>
<status status="PASS" starttime="20220512 11:34:22.788" endtime="20220512 11:34:22.789"/>
</kw>
<kw name="Go To" library="SeleniumLibrary">
<arg>url=${URL}</arg>
<doc>Navigates the current browser window to the provided ``url``.</doc>
<msg timestamp="20220512 11:34:22.790" level="INFO">Opening url 'https://signoraware.com/'</msg>
<status status="PASS" starttime="20220512 11:34:22.789" endtime="20220512 11:34:31.820"/>
</kw>
<status status="PASS" starttime="20220512 11:34:15.177" endtime="20220512 11:34:31.820"/>
</kw>
<kw name="Click Element" library="SeleniumLibrary">
<arg>xpath=//span[text()="Product Range"]</arg>
<doc>Click the element identified by ``locator``.</doc>
<msg timestamp="20220512 11:34:31.823" level="INFO">Clicking element 'xpath=//span[text()="Product Range"]'.</msg>
<status status="PASS" starttime="20220512 11:34:31.822" endtime="20220512 11:34:37.454"/>
</kw>
<kw name="Click Element" library="SeleniumLibrary">
<arg>xpath=//img[@alt='Dinner Set 36 Pcs. (Square)']</arg>
<doc>Click the element identified by ``locator``.</doc>
<msg timestamp="20220512 11:34:37.455" level="INFO">Clicking element 'xpath=//img[@alt='Dinner Set 36 Pcs. (Square)']'.</msg>
<status status="PASS" starttime="20220512 11:34:37.455" endtime="20220512 11:34:39.352"/>
</kw>
<status status="PASS" starttime="20220512 11:34:15.176" endtime="20220512 11:34:39.426"/>
</test>
<doc>This suite will handle the range of products
Test- TC_05</doc>
<status status="PASS" starttime="20220512 11:33:52.749" endtime="20220512 11:34:39.449"/>
</suite>
<statistics>
<total>
<stat pass="2" fail="0" skip="0">All Tests</stat>
</total>
<tag>
</tag>
<suite>
<stat pass="2" fail="0" skip="0" id="s1" name="New order">New order</stat>
</suite>
</statistics>
<errors>
</errors>
</robot>
