<?xml version="1.0" encoding="UTF-8"?>
<robot generator="Robot 5.0 (Python 3.10.2 on win32)" generated="20220512 12:04:07.763" rpa="false" schemaversion="3">
<suite id="s1" name="Verify Invalid Credential Suite" source="C:\Users\admin\Desktop\pythonProject\1.4 login_suite\verify_invalid_credential_suite.robot">
<test id="s1-t1" name="TC1" line="13">
<kw name="Link Browser" library="common_functionality" type="SETUP">
<kw name="Append To Environment Variable" library="OperatingSystem">
<arg>Path</arg>
<arg>${EXECDIR}${/}driver</arg>
<doc>Appends given ``values`` to environment variable ``name``.</doc>
<msg timestamp="20220512 12:04:11.685" level="INFO">Environment variable 'Path' set to value 'C:\Python\Divya\Scripts\;C:\Python\Divya\;C:\Program Files\Common Files\Oracle\Java\javapath;C:\Windows\system32;C:\Windows;C:\Windows\System32\Wbem;C:\Windows\System32\WindowsPowerShell\v1.0\;C:\Windows\System32\OpenSSH\;C:\Program Files\Java\jdk-15.0.2\bin;C:\Program Files\Java\jdk-15.0.2\bin;C:\Program Files\Git\cmd;C:\MinGW\bin;C;C:\Users\admin\AppData\Local\Microsoft\WindowsApps;C:\Users\admin\AppData\Local\Programs\Microsoft VS Code\bin;C:\Program Files\JetBrains\PyCharm 2021.3.2\bin;;C:\Users\admin\Desktop\pythonProject\driver'.</msg>
<status status="PASS" starttime="20220512 12:04:11.685" endtime="20220512 12:04:11.685"/>
</kw>
<kw name="Open Browser" library="SeleniumLibrary">
<arg>browser=${BROWSER}</arg>
<doc>Opens a new browser instance to the optional ``url``.</doc>
<msg timestamp="20220512 12:04:11.685" level="INFO">Opening browser 'chrome' to base url 'None'.</msg>
<status status="PASS" starttime="20220512 12:04:11.685" endtime="20220512 12:04:19.048"/>
</kw>
<kw name="Maximize Browser Window" library="SeleniumLibrary">
<doc>Maximizes current browser window.</doc>
<status status="PASS" starttime="20220512 12:04:19.048" endtime="20220512 12:04:19.201"/>
</kw>
<kw name="Set Selenium Implicit Wait" library="SeleniumLibrary">
<arg>30s</arg>
<doc>Sets the implicit wait value used by Selenium.</doc>
<status status="PASS" starttime="20220512 12:04:19.201" endtime="20220512 12:04:19.201"/>
</kw>
<kw name="Set Screenshot Directory" library="SeleniumLibrary">
<arg>${EXECDIR}${/}screenshot</arg>
<doc>Sets the directory for captured screenshots.</doc>
<status status="PASS" starttime="20220512 12:04:19.201" endtime="20220512 12:04:19.201"/>
</kw>
<kw name="Go To" library="SeleniumLibrary">
<arg>url=${URL}</arg>
<doc>Navigates the current browser window to the provided ``url``.</doc>
<msg timestamp="20220512 12:04:19.201" level="INFO">Opening url 'https://signoraware.com/'</msg>
<status status="PASS" starttime="20220512 12:04:19.201" endtime="20220512 12:04:24.988"/>
</kw>
<status status="PASS" starttime="20220512 12:04:11.685" endtime="20220512 12:04:24.988"/>
</kw>
<kw name=" InValid Credential Template">
<arg>gdivya08@gmail.com</arg>
<arg>srec</arg>
<arg>invalid credentials</arg>
<kw name="Click Element" library="SeleniumLibrary">
<arg>xpath=//a[contains(text(),'Sign In')]</arg>
<doc>Click the element identified by ``locator``.</doc>
<msg timestamp="20220512 12:04:24.996" level="INFO">Clicking element 'xpath=//a[contains(text(),'Sign In')]'.</msg>
<status status="PASS" starttime="20220512 12:04:24.988" endtime="20220512 12:04:27.268"/>
</kw>
<kw name="Input Text" library="SeleniumLibrary">
<arg>id=email</arg>
<arg>${email}</arg>
<doc>Types the given ``text`` into the text field identified by ``locator``.</doc>
<msg timestamp="20220512 12:04:27.268" level="INFO">Typing text 'gdivya08@gmail.com' into text field 'id=email'.</msg>
<status status="PASS" starttime="20220512 12:04:27.268" endtime="20220512 12:04:27.980"/>
</kw>
<kw name="Input Password" library="SeleniumLibrary">
<arg>id=pass</arg>
<arg>${password}</arg>
<doc>Types the given password into the text field identified by ``locator``.</doc>
<msg timestamp="20220512 12:04:27.980" level="INFO">Typing password into text field 'id=pass'.</msg>
<msg timestamp="20220512 12:04:28.060" level="INFO">Temporally setting log level to: NONE</msg>
<msg timestamp="20220512 12:04:28.148" level="INFO">Log level changed from NONE to INFO.</msg>
<status status="PASS" starttime="20220512 12:04:27.980" endtime="20220512 12:04:28.148"/>
</kw>
<status status="PASS" starttime="20220512 12:04:24.988" endtime="20220512 12:04:28.148"/>
</kw>
<kw name="Close Browser" library="SeleniumLibrary" type="TEARDOWN">
<doc>Closes the current browser.</doc>
<status status="PASS" starttime="20220512 12:04:28.148" endtime="20220512 12:04:36.790"/>
</kw>
<status status="PASS" starttime="20220512 12:04:11.685" endtime="20220512 12:04:36.790"/>
</test>
<test id="s1-t2" name="TC2" line="14">
<kw name="Link Browser" library="common_functionality" type="SETUP">
<kw name="Append To Environment Variable" library="OperatingSystem">
<arg>Path</arg>
<arg>${EXECDIR}${/}driver</arg>
<doc>Appends given ``values`` to environment variable ``name``.</doc>
<msg timestamp="20220512 12:04:36.790" level="INFO">Environment variable 'Path' set to value 'C:\Python\Divya\Scripts\;C:\Python\Divya\;C:\Program Files\Common Files\Oracle\Java\javapath;C:\Windows\system32;C:\Windows;C:\Windows\System32\Wbem;C:\Windows\System32\WindowsPowerShell\v1.0\;C:\Windows\System32\OpenSSH\;C:\Program Files\Java\jdk-15.0.2\bin;C:\Program Files\Java\jdk-15.0.2\bin;C:\Program Files\Git\cmd;C:\MinGW\bin;C;C:\Users\admin\AppData\Local\Microsoft\WindowsApps;C:\Users\admin\AppData\Local\Programs\Microsoft VS Code\bin;C:\Program Files\JetBrains\PyCharm 2021.3.2\bin;;C:\Users\admin\Desktop\pythonProject\driver;C:\Users\admin\Desktop\pythonProject\driver'.</msg>
<status status="PASS" starttime="20220512 12:04:36.790" endtime="20220512 12:04:36.790"/>
</kw>
<kw name="Open Browser" library="SeleniumLibrary">
<arg>browser=${BROWSER}</arg>
<doc>Opens a new browser instance to the optional ``url``.</doc>
<msg timestamp="20220512 12:04:36.806" level="INFO">Opening browser 'chrome' to base url 'None'.</msg>
<status status="PASS" starttime="20220512 12:04:36.790" endtime="20220512 12:04:43.044"/>
</kw>
<kw name="Maximize Browser Window" library="SeleniumLibrary">
<doc>Maximizes current browser window.</doc>
<status status="PASS" starttime="20220512 12:04:43.044" endtime="20220512 12:04:43.338"/>
</kw>
<kw name="Set Selenium Implicit Wait" library="SeleniumLibrary">
<arg>30s</arg>
<doc>Sets the implicit wait value used by Selenium.</doc>
<status status="PASS" starttime="20220512 12:04:43.338" endtime="20220512 12:04:43.353"/>
</kw>
<kw name="Set Screenshot Directory" library="SeleniumLibrary">
<arg>${EXECDIR}${/}screenshot</arg>
<doc>Sets the directory for captured screenshots.</doc>
<status status="PASS" starttime="20220512 12:04:43.353" endtime="20220512 12:04:43.353"/>
</kw>
<kw name="Go To" library="SeleniumLibrary">
<arg>url=${URL}</arg>
<doc>Navigates the current browser window to the provided ``url``.</doc>
<msg timestamp="20220512 12:04:43.353" level="INFO">Opening url 'https://signoraware.com/'</msg>
<status status="PASS" starttime="20220512 12:04:43.353" endtime="20220512 12:05:07.383"/>
</kw>
<status status="PASS" starttime="20220512 12:04:36.790" endtime="20220512 12:05:07.391"/>
</kw>
<kw name=" InValid Credential Template">
<arg>gdivya@gmail.com</arg>
<arg>divya</arg>
<arg>invalid credentials</arg>
<kw name="Click Element" library="SeleniumLibrary">
<arg>xpath=//a[contains(text(),'Sign In')]</arg>
<doc>Click the element identified by ``locator``.</doc>
<msg timestamp="20220512 12:05:07.407" level="INFO">Clicking element 'xpath=//a[contains(text(),'Sign In')]'.</msg>
<status status="PASS" starttime="20220512 12:05:07.407" endtime="20220512 12:05:08.151"/>
</kw>
<kw name="Input Text" library="SeleniumLibrary">
<arg>id=email</arg>
<arg>${email}</arg>
<doc>Types the given ``text`` into the text field identified by ``locator``.</doc>
<msg timestamp="20220512 12:05:08.151" level="INFO">Typing text 'gdivya@gmail.com' into text field 'id=email'.</msg>
<msg timestamp="20220512 12:05:38.469" level="INFO" html="true">&lt;/td&gt;&lt;/tr&gt;&lt;tr&gt;&lt;td colspan="3"&gt;&lt;a href="screenshot/selenium-screenshot-8.png"&gt;&lt;img src="screenshot/selenium-screenshot-8.png" width="800px"&gt;&lt;/a&gt;</msg>
<msg timestamp="20220512 12:05:38.471" level="FAIL">Element with locator 'id=email' not found.</msg>
<status status="FAIL" starttime="20220512 12:05:08.151" endtime="20220512 12:05:38.552"/>
</kw>
<kw name="Input Password" library="SeleniumLibrary">
<arg>id=pass</arg>
<arg>${password}</arg>
<doc>Types the given password into the text field identified by ``locator``.</doc>
<status status="NOT RUN" starttime="20220512 12:05:38.553" endtime="20220512 12:05:38.553"/>
</kw>
<status status="FAIL" starttime="20220512 12:05:07.399" endtime="20220512 12:05:38.554"/>
</kw>
<kw name="Close Browser" library="SeleniumLibrary" type="TEARDOWN">
<doc>Closes the current browser.</doc>
<status status="PASS" starttime="20220512 12:05:38.554" endtime="20220512 12:05:43.318"/>
</kw>
<status status="FAIL" starttime="20220512 12:04:36.790" endtime="20220512 12:05:43.318">Element with locator 'id=email' not found.</status>
</test>
<doc>This suite will handle valid credentials
test TC_OH2</doc>
<status status="FAIL" starttime="20220512 12:04:07.810" endtime="20220512 12:05:43.318"/>
</suite>
<statistics>
<total>
<stat pass="1" fail="1" skip="0">All Tests</stat>
</total>
<tag>
</tag>
<suite>
<stat pass="1" fail="1" skip="0" id="s1" name="Verify Invalid Credential Suite">Verify Invalid Credential Suite</stat>
</suite>
</statistics>
<errors>
</errors>
</robot>
