<?xml version="1.0" encoding="UTF-8"?>
<robot generator="Robot 5.0 (Python 3.10.2 on win32)" generated="20220512 12:16:08.097" rpa="false" schemaversion="3">
<suite id="s1" name="Verify Invalid Credential Suite" source="C:\Users\admin\Desktop\pythonProject\1.4 login_suite\verify_invalid_credential_suite.robot">
<test id="s1-t1" name="TC1" line="13">
<kw name="Link Browser" library="common_functionality" type="SETUP">
<kw name="Append To Environment Variable" library="OperatingSystem">
<arg>Path</arg>
<arg>${EXECDIR}${/}driver</arg>
<doc>Appends given ``values`` to environment variable ``name``.</doc>
<msg timestamp="20220512 12:16:11.457" level="INFO">Environment variable 'Path' set to value 'C:\Python\Divya\Scripts\;C:\Python\Divya\;C:\Program Files\Common Files\Oracle\Java\javapath;C:\Windows\system32;C:\Windows;C:\Windows\System32\Wbem;C:\Windows\System32\WindowsPowerShell\v1.0\;C:\Windows\System32\OpenSSH\;C:\Program Files\Java\jdk-15.0.2\bin;C:\Program Files\Java\jdk-15.0.2\bin;C:\Program Files\Git\cmd;C:\MinGW\bin;C;C:\Users\admin\AppData\Local\Microsoft\WindowsApps;C:\Users\admin\AppData\Local\Programs\Microsoft VS Code\bin;C:\Program Files\JetBrains\PyCharm 2021.3.2\bin;;C:\Users\admin\Desktop\pythonProject\driver'.</msg>
<status status="PASS" starttime="20220512 12:16:11.457" endtime="20220512 12:16:11.457"/>
</kw>
<kw name="Open Browser" library="SeleniumLibrary">
<arg>browser=${BROWSER}</arg>
<doc>Opens a new browser instance to the optional ``url``.</doc>
<msg timestamp="20220512 12:16:11.457" level="INFO">Opening browser 'chrome' to base url 'None'.</msg>
<status status="PASS" starttime="20220512 12:16:11.457" endtime="20220512 12:16:18.457"/>
</kw>
<kw name="Maximize Browser Window" library="SeleniumLibrary">
<doc>Maximizes current browser window.</doc>
<status status="PASS" starttime="20220512 12:16:18.458" endtime="20220512 12:16:18.658"/>
</kw>
<kw name="Set Selenium Implicit Wait" library="SeleniumLibrary">
<arg>30s</arg>
<doc>Sets the implicit wait value used by Selenium.</doc>
<status status="PASS" starttime="20220512 12:16:18.658" endtime="20220512 12:16:18.659"/>
</kw>
<kw name="Set Screenshot Directory" library="SeleniumLibrary">
<arg>${EXECDIR}${/}screenshot</arg>
<doc>Sets the directory for captured screenshots.</doc>
<status status="PASS" starttime="20220512 12:16:18.659" endtime="20220512 12:16:18.659"/>
</kw>
<kw name="Go To" library="SeleniumLibrary">
<arg>url=${URL}</arg>
<doc>Navigates the current browser window to the provided ``url``.</doc>
<msg timestamp="20220512 12:16:18.659" level="INFO">Opening url 'https://signoraware.com/'</msg>
<status status="PASS" starttime="20220512 12:16:18.659" endtime="20220512 12:16:32.016"/>
</kw>
<status status="PASS" starttime="20220512 12:16:11.457" endtime="20220512 12:16:32.016"/>
</kw>
<kw name=" InValid Credential Template">
<arg>gdivya08@gmail.com</arg>
<arg>srec</arg>
<arg>invalid credentials</arg>
<kw name="Click Element" library="SeleniumLibrary">
<arg>xpath=//a[contains(text(),'Sign In')]</arg>
<doc>Click the element identified by ``locator``.</doc>
<msg timestamp="20220512 12:16:32.023" level="INFO">Clicking element 'xpath=//a[contains(text(),'Sign In')]'.</msg>
<status status="PASS" starttime="20220512 12:16:32.022" endtime="20220512 12:16:36.826"/>
</kw>
<kw name="Input Text" library="SeleniumLibrary">
<arg>id=email</arg>
<arg>${email}</arg>
<doc>Types the given ``text`` into the text field identified by ``locator``.</doc>
<msg timestamp="20220512 12:16:36.828" level="INFO">Typing text 'gdivya08@gmail.com' into text field 'id=email'.</msg>
<status status="PASS" starttime="20220512 12:16:36.827" endtime="20220512 12:16:37.243"/>
</kw>
<kw name="Input Password" library="SeleniumLibrary">
<arg>id=pass</arg>
<arg>${password}</arg>
<doc>Types the given password into the text field identified by ``locator``.</doc>
<msg timestamp="20220512 12:16:37.243" level="INFO">Typing password into text field 'id=pass'.</msg>
<msg timestamp="20220512 12:16:37.427" level="INFO">Temporally setting log level to: NONE</msg>
<msg timestamp="20220512 12:16:37.676" level="INFO">Log level changed from NONE to INFO.</msg>
<status status="PASS" starttime="20220512 12:16:37.243" endtime="20220512 12:16:37.676"/>
</kw>
<status status="PASS" starttime="20220512 12:16:32.018" endtime="20220512 12:16:37.676"/>
</kw>
<kw name="Close Browser" library="SeleniumLibrary" type="TEARDOWN">
<doc>Closes the current browser.</doc>
<status status="PASS" starttime="20220512 12:16:37.678" endtime="20220512 12:16:43.763"/>
</kw>
<status status="PASS" starttime="20220512 12:16:11.457" endtime="20220512 12:16:43.763"/>
</test>
<test id="s1-t2" name="TC2" line="14">
<kw name="Link Browser" library="common_functionality" type="SETUP">
<kw name="Append To Environment Variable" library="OperatingSystem">
<arg>Path</arg>
<arg>${EXECDIR}${/}driver</arg>
<doc>Appends given ``values`` to environment variable ``name``.</doc>
<msg timestamp="20220512 12:16:43.763" level="INFO">Environment variable 'Path' set to value 'C:\Python\Divya\Scripts\;C:\Python\Divya\;C:\Program Files\Common Files\Oracle\Java\javapath;C:\Windows\system32;C:\Windows;C:\Windows\System32\Wbem;C:\Windows\System32\WindowsPowerShell\v1.0\;C:\Windows\System32\OpenSSH\;C:\Program Files\Java\jdk-15.0.2\bin;C:\Program Files\Java\jdk-15.0.2\bin;C:\Program Files\Git\cmd;C:\MinGW\bin;C;C:\Users\admin\AppData\Local\Microsoft\WindowsApps;C:\Users\admin\AppData\Local\Programs\Microsoft VS Code\bin;C:\Program Files\JetBrains\PyCharm 2021.3.2\bin;;C:\Users\admin\Desktop\pythonProject\driver;C:\Users\admin\Desktop\pythonProject\driver'.</msg>
<status status="PASS" starttime="20220512 12:16:43.763" endtime="20220512 12:16:43.763"/>
</kw>
<kw name="Open Browser" library="SeleniumLibrary">
<arg>browser=${BROWSER}</arg>
<doc>Opens a new browser instance to the optional ``url``.</doc>
<msg timestamp="20220512 12:16:43.763" level="INFO">Opening browser 'chrome' to base url 'None'.</msg>
<status status="PASS" starttime="20220512 12:16:43.763" endtime="20220512 12:16:48.897"/>
</kw>
<kw name="Maximize Browser Window" library="SeleniumLibrary">
<doc>Maximizes current browser window.</doc>
<status status="PASS" starttime="20220512 12:16:48.897" endtime="20220512 12:16:49.060"/>
</kw>
<kw name="Set Selenium Implicit Wait" library="SeleniumLibrary">
<arg>30s</arg>
<doc>Sets the implicit wait value used by Selenium.</doc>
<status status="PASS" starttime="20220512 12:16:49.060" endtime="20220512 12:16:49.060"/>
</kw>
<kw name="Set Screenshot Directory" library="SeleniumLibrary">
<arg>${EXECDIR}${/}screenshot</arg>
<doc>Sets the directory for captured screenshots.</doc>
<status status="PASS" starttime="20220512 12:16:49.060" endtime="20220512 12:16:49.060"/>
</kw>
<kw name="Go To" library="SeleniumLibrary">
<arg>url=${URL}</arg>
<doc>Navigates the current browser window to the provided ``url``.</doc>
<msg timestamp="20220512 12:16:49.076" level="INFO">Opening url 'https://signoraware.com/'</msg>
<status status="PASS" starttime="20220512 12:16:49.060" endtime="20220512 12:16:57.223"/>
</kw>
<status status="PASS" starttime="20220512 12:16:43.763" endtime="20220512 12:16:57.223"/>
</kw>
<kw name=" InValid Credential Template">
<arg>gdivya@gmail.com</arg>
<arg>divya</arg>
<arg>invalid credentials</arg>
<kw name="Click Element" library="SeleniumLibrary">
<arg>xpath=//a[contains(text(),'Sign In')]</arg>
<doc>Click the element identified by ``locator``.</doc>
<msg timestamp="20220512 12:16:57.227" level="INFO">Clicking element 'xpath=//a[contains(text(),'Sign In')]'.</msg>
<status status="PASS" starttime="20220512 12:16:57.227" endtime="20220512 12:16:59.699"/>
</kw>
<kw name="Input Text" library="SeleniumLibrary">
<arg>id=email</arg>
<arg>${email}</arg>
<doc>Types the given ``text`` into the text field identified by ``locator``.</doc>
<msg timestamp="20220512 12:16:59.701" level="INFO">Typing text 'gdivya@gmail.com' into text field 'id=email'.</msg>
<status status="PASS" starttime="20220512 12:16:59.700" endtime="20220512 12:17:00.376"/>
</kw>
<kw name="Input Password" library="SeleniumLibrary">
<arg>id=pass</arg>
<arg>${password}</arg>
<doc>Types the given password into the text field identified by ``locator``.</doc>
<msg timestamp="20220512 12:17:00.377" level="INFO">Typing password into text field 'id=pass'.</msg>
<msg timestamp="20220512 12:17:00.471" level="INFO">Temporally setting log level to: NONE</msg>
<msg timestamp="20220512 12:17:00.643" level="INFO">Log level changed from NONE to INFO.</msg>
<status status="PASS" starttime="20220512 12:17:00.376" endtime="20220512 12:17:00.644"/>
</kw>
<status status="PASS" starttime="20220512 12:16:57.225" endtime="20220512 12:17:00.644"/>
</kw>
<kw name="Close Browser" library="SeleniumLibrary" type="TEARDOWN">
<doc>Closes the current browser.</doc>
<status status="PASS" starttime="20220512 12:17:00.645" endtime="20220512 12:17:08.763"/>
</kw>
<status status="PASS" starttime="20220512 12:16:43.763" endtime="20220512 12:17:08.763"/>
</test>
<doc>This suite will handle valid credentials
test TC_OH2</doc>
<status status="PASS" starttime="20220512 12:16:08.160" endtime="20220512 12:17:08.763"/>
</suite>
<statistics>
<total>
<stat pass="2" fail="0" skip="0">All Tests</stat>
</total>
<tag>
</tag>
<suite>
<stat pass="2" fail="0" skip="0" id="s1" name="Verify Invalid Credential Suite">Verify Invalid Credential Suite</stat>
</suite>
</statistics>
<errors>
</errors>
</robot>
